build/outputs/logs/manifest-merger-debug-report.txt
-- Merging decision tree log ---
manifest
ADDED from src\main\AndroidManifest.xml:15:1-26:12
INJECTED from src\main\AndroidManifest.xml:15:1-26:12
INJECTED from src\main\AndroidManifest.xml:15:1-26:12
INJECTED from src\main\AndroidManifest.xml:15:1-26:12
INJECTED from src\main\AndroidManifest.xml:15:1-26:12
INJECTED from src\main\AndroidManifest.xml:15:1-26:12
INJECTED from src\main\AndroidManifest.xml:15:1-26:12
	package
		ADDED from src\main\AndroidManifest.xml:16:5-51
		INJECTED from src\main\AndroidManifest.xml
		INJECTED from src\main\AndroidManifest.xml
	android:versionName
		ADDED from src\main\AndroidManifest.xml:19:5-30
		INJECTED from src\main\AndroidManifest.xml
		INJECTED from src\main\AndroidManifest.xml
	xmlns:android
		ADDED from src\main\AndroidManifest.xml:15:11-69
	android:versionCode
		ADDED from src\main\AndroidManifest.xml:18:5-28
		INJECTED from src\main\AndroidManifest.xml
		INJECTED from src\main\AndroidManifest.xml
	android:allowBackup
		ADDED from src\main\AndroidManifest.xml:17:5-32
uses-sdk
ADDED from src\main\AndroidManifest.xml:21:3-23:39
INJECTED from src\main\AndroidManifest.xml:21:3-23:39
INJECTED from src\main\AndroidManifest.xml:21:3-23:39
INJECTED from src\main\AndroidManifest.xml:21:3-23:39
INJECTED from src\main\AndroidManifest.xml:21:3-23:39
	android:targetSdkVersion
		ADDED from src\main\AndroidManifest.xml:23:7-36
		INJECTED from src\main\AndroidManifest.xml
		INJECTED from src\main\AndroidManifest.xml
	android:minSdkVersion
		ADDED from src\main\AndroidManifest.xml:22:7-32
		INJECTED from src\main\AndroidManifest.xml
		INJECTED from src\main\AndroidManifest.xml
uses-permission#com.android.vending.CHECK_LICENSE
ADDED from src\main\AndroidManifest.xml:25:3-71
	android:name
		ADDED from src\main\AndroidManifest.xml:25:20-68